/Users/zhengzhong/TestCaseMind/.venv/lib/python3.12/site-packages/transformers/tokenization_utils_base.py:1601: FutureWarning: `clean_up_tokenization_spaces` was not set. It will be set to `True` by default. This behavior will be depracted in transformers v4.45, and will be then set to `False` by default. For more details check this issue: https://github.com/huggingface/transformers/issues/31884
  warnings.warn(
  [章节过滤] 只处理包含「组合固收资产ESG得分」的章节
  [章节过滤] 提取到 215 行内容，继续生成

====================================================
  测试 Agent v2 启动
  需求文档: _section_ARM-RULE-UC00004_产品基础信息类因子规格文档__2.6.2__1777269841.md
  知识库:   启用
  生成用例: 是
====================================================

  [s07] 任务文件: ARM-RULE-UC00004_产品基础信息类因子规格文档__2.6.2__组合固收资产ESG得分_1777269841.json
  [s09] 长期记忆: {'domain_patterns': 0, 'quality_signals': 0, 'testpoint_hints': 0, 'risk_patterns': 0}（向量检索已就绪）


  [需求评审] 子代理启动...

📋 执行计划:
  1. 用 load_skill 加载 requirement-review 技能
  2. 用 read_file 读取需求文档
  3. 按照技能要求进行需求评审
  4. 用 write_file 把评审结果 JSON 写入 output/_review_tmp.json

    → todo_write(todos)
    → load_skill(name)
    → read_file(path)
    → write_file(path)
  [warn] JSON 解析失败，原始输出前300字符:
{
  "score": 58,
  "summary": "该因子规格文档在计算公式和涉及数据表方面有一定说明，但存在公式表达不完整、边界条件缺失、异常处理未定义、术语不一致、监控模式覆盖不全等多项问题，需求质量较差，建议退回完善",
  "completeness_issues": [
    "计算公式中包含图片引用(media/image6.wmf)导致公式无法完整呈现，关键数学符号缺失，无法确认是求和符号还是其他运算符",
    "缺少事后监控模式的业务说明，因子参数说明表中仅覆盖了事前和事中，事后逻辑完全未定义",
    "缺少因子取值的边界值定义：ESG评分的取值范围、债券全
  [warn] JSON 解析失败，原始输出前300字符:
需求评审已完成，评审结果已写入 `output/_review_tmp.json`。以下是评审要点总结：

---

### 📊 评审得分：58 分（低于60，建议退回完善）

### 🔴 主要问题

**完整性问题（10项）**：
- 计算公式含图片引用（`media/image6.wmf`），关键数学符号缺失，公式不完整
- **事后监控模式逻辑完全未定义**，仅覆盖了事前和事中
- 分母为零、持仓为空等边界条件未说明处理方式
- 缺少数据精度/舍入规则、ESG评级枚举完整定义等

**一致性问题（6项）**：
- **因子单位标注为"元"，但公式计算结果应为无量纲评分值**，矛盾严重
-

  评审完成 → 质量分: N/A, 功能点: 0, 风险项: 0

  [测试点-需求文档] 子代理启动...

📋 执行计划:
  1. 列出执行步骤
  2. 加载 testpoint-gen 技能
  3. 读取需求文档
  4. 生成测试点 JSON 并写入文件

    → todo_write(todos)
    → load_skill(name)
    → read_file(path)
    → write_file(path)
  阶段A完成: 41 条 REQ 测试点

  [测试点-知识库补充] RAG 语义检索...
  [RAG] 使用本地模型: paraphrase-multilingual-MiniLM-L12-v2
  [RAG] 加载已有索引
  阶段B完成: 11 条 KB/RISK 测试点

====================================================
  ② 测试点生成完成
     总数: 52  🔵REQ=41  🟡KB=8  🔴RISK=3
  输出目录: output/ARM-RULE-UC00004_产品基础信息类因子规格文档__2.6.2__组合固收资产ESG得分/1777269841
     JSON:  testpoints.json
     Markdown(→XMind): testpoints_xmind.md
====================================================
  共 52 条测试点，分 6 批并行处理（每批 10 条）

  [用例生成 batch1] 子代理启动...

  [用例生成 batch3] 子代理启动...

  [用例生成 batch2] 子代理启动...

  [用例生成 batch4] 子代理启动...

📋 执行计划:
  1. 1. 读取测试点文件 output/_tp_batch_4.json
  2. 2. 加载 testcase-gen 技能
  3. 3. 根据展开规则生成完整测试用例
  4. 4. 写入用例文件 output/_tc_batch_4.json

    → todo_write(todos)

📋 执行计划:
  1. 1. load_skill: 加载 testcase-gen 技能
  2. 2. read_file: 读取测试点文件 output/_tp_batch_2.json
  3. 3. 根据展开规则生成完整测试用例
  4. 4. write_file: 写入 output/_tc_batch_2.json

    → todo_write(todos)
    → load_skill(name)

📋 执行计划:
  1. 1. 读取测试点文件 output/_tp_batch_1.json
  2. 2. 加载 testcase-gen 技能
  3. 3. 根据测试点展开为完整测试用例
  4. 4. 写入用例文件 output/_tc_batch_1.json

    → todo_write(todos)
    → load_skill(name)
    → read_file(path)
    → read_file(path)
    → load_skill(name)

📋 执行计划:
  1. 1. load_skill: 加载 testcase-gen 技能
  2. 2. read_file: 读取测试点文件 output/_tp_batch_3.json
  3. 3. 根据展开规则生成完整测试用例
  4. 4. write_file: 写入 output/_tc_batch_3.json

    → todo_write(todos)
    → load_skill(name)
    → read_file(path)
    → read_file(path)
    → write_file(path)
    → write_file(path)
  [warn] JSON 解析失败，原始输出前300字符:
[
  {
    "case_id": "TC-021",
    "testpoint_id": "TP-021",
    "functional_module": "组合固收资产ESG得分-事前报警详情展示",
    "case_title": "事前报警详情-债券行持仓数量计算（期初+买成交-卖成交）",
    "source": "REQ",
    "priority": "P1",
    "preconditions": "产品P001触发事前报警，DWD_AST_PD_HLDP_INFO表中存在债券类证券（证券类别=债券），期初持仓数量=5000，DWD_TRD_MTC
  batch3/6 完成，本批生成 0 条用例

  [用例生成 batch5] 子代理启动...
  [warn] JSON 解析失败，原始输出前300字符:
[
  {
    "case_id": "TC-031",
    "testpoint_id": "TP-031",
    "functional_module": "组合固收资产ESG得分-事中无趋势判断变量",
    "case_title": "事中巡检模式-无趋势判断变量输出",
    "source": "REQ",
    "priority": "P1",
    "preconditions": "系统已配置监控模式=事中巡检，产品P001存在固收资产持仓数据",
    "test_data": "监控模式=事中巡检，债券A全价市值=200万（ESG=3），存款余额
  batch4/6 完成，本批生成 0 条用例

  [用例生成 batch6] 子代理启动...

📋 执行计划:
  1. 1. 读取测试点文件 output/_tp_batch_5.json
  2. 2. 加载 testcase-gen 技能
  3. 3. 根据展开规则生成完整测试用例
  4. 4. 写入 output/_tc_batch_5.json

    → todo_write(todos)
    → load_skill(name)
    → read_file(path)

📋 执行计划:
  1. 列出执行计划
  2. 加载 testcase-gen 技能
  3. 读取测试点文件 output/_tp_batch_6.json
  4. 生成测试用例并写入 output/_tc_batch_6.json

    → todo_write(todos)
    → load_skill(name)
    → read_file(path)
    → write_file(path)
  batch1/6 完成，本批生成 15 条用例
    → write_file(path)
  batch6/6 完成，本批生成 4 条用例
    → write_file(path)
  batch5/6 完成，本批生成 16 条用例
    → write_file(path)
  batch2/6 完成，本批生成 24 条用例

====================================================
  ③ 测试用例生成完成
     总数: 59 条
     JSON:  testcases.json
     Excel: testcases.xlsx
     测分:  report.md

  [s07] 最终任务状态: ✓ review(done)  ✓ testpoints(done)  ✓ testcases(done)  ✓ export(done)
====================================================

